[    0.000000] Linux version 4.15.0-142-generic (buildd@lgw01-amd64-036) (gcc version 7.5.0 (Ubuntu 7.5.0-3ubuntu1~18.04)) #146-Ubuntu SMP Tue Apr 13 01:11:19 UTC 2021 (Ubuntu 4.15.0-142.146-generic 4.15.18)
[    0.000000] Command line: BOOT_IMAGE=/boot/vmlinuz-4.15.0-142-generic root=LABEL=cloudimg-rootfs ro console=tty1 console=ttyS0
[    0.000000] KERNEL supported cpus:
[    0.000000]   Intel GenuineIntel
[    0.000000]   AMD AuthenticAMD
[    0.000000]   Centaur CentaurHauls
[    0.000000] x86/fpu: x87 FPU will use FXSAVE
[    0.000000] e820: BIOS-provided physical RAM map:
[    0.000000] BIOS-e820: [mem 0x0000000000000000-0x000000000009fbff] usable
[    0.000000] BIOS-e820: [mem 0x000000000009fc00-0x000000000009ffff] reserved
[    0.000000] BIOS-e820: [mem 0x00000000000f0000-0x00000000000fffff] reserved
[    0.000000] BIOS-e820: [mem 0x0000000000100000-0x000000003ffeffff] usable
[    0.000000] BIOS-e820: [mem 0x000000003fff0000-0x000000003fffffff] ACPI data
[    0.000000] BIOS-e820: [mem 0x00000000fec00000-0x00000000fec00fff] reserved
[    0.000000] BIOS-e820: [mem 0x00000000fee00000-0x00000000fee00fff] reserved
[    0.000000] BIOS-e820: [mem 0x00000000fffc0000-0x00000000ffffffff] reserved
[    0.000000] NX (Execute Disable) protection: active
[    0.000000] SMBIOS 2.5 present.
[    0.000000] DMI: innotek GmbH VirtualBox/VirtualBox, BIOS VirtualBox 12/01/2006
[    0.000000] Hypervisor detected: KVM
[    0.000000] e820: last_pfn = 0x3fff0 max_arch_pfn = 0x400000000
[    0.000000] MTRR: Disabled
[    0.000000] x86/PAT: MTRRs disabled, skipping PAT initialization too.
[    0.000000] CPU MTRRs all blank - virtualized system.
[    0.000000] x86/PAT: Configuration [0-7]: WB  WT  UC- UC  WB  WT  UC- UC  
[    0.000000] found SMP MP-table at [mem 0x0009fff0-0x0009ffff]
[    0.000000] Scanning 1 areas for low memory corruption
[    0.000000] RAMDISK: [mem 0x359cf000-0x36cdefff]
[    0.000000] ACPI: Early table checksum verification disabled
[    0.000000] ACPI: RSDP 0x00000000000E0000 000024 (v02 VBOX  )
[    0.000000] ACPI: XSDT 0x000000003FFF0030 00003C (v01 VBOX   VBOXXSDT 00000001 ASL  00000061)
[    0.000000] ACPI: FACP 0x000000003FFF00F0 0000F4 (v04 VBOX   VBOXFACP 00000001 ASL  00000061)
[    0.000000] ACPI: DSDT 0x000000003FFF0470 002325 (v02 VBOX   VBOXBIOS 00000002 INTL 20100528)
[    0.000000] ACPI: FACS 0x000000003FFF0200 000040
[    0.000000] ACPI: FACS 0x000000003FFF0200 000040
[    0.000000] ACPI: APIC 0x000000003FFF0240 00005C (v02 VBOX   VBOXAPIC 00000001 ASL  00000061)
[    0.000000] ACPI: SSDT 0x000000003FFF02A0 0001CC (v01 VBOX   VBOXCPUT 00000002 INTL 20100528)
[    0.000000] No NUMA configuration found
[    0.000000] Faking a node at [mem 0x0000000000000000-0x000000003ffeffff]
[    0.000000] NODE_DATA(0) allocated [mem 0x3ffc5000-0x3ffeffff]
[    0.000000] kvm-clock: cpu 0, msr 0:3ff44001, primary cpu clock
[    0.000000] kvm-clock: Using msrs 4b564d01 and 4b564d00
[    0.000000] kvm-clock: using sched offset of 7251891891 cycles
[    0.000000] clocksource: kvm-clock: mask: 0xffffffffffffffff max_cycles: 0x1cd42e4dffb, max_idle_ns: 881590591483 ns
[    0.000000] Zone ranges:
[    0.000000]   DMA      [mem 0x0000000000001000-0x0000000000ffffff]
[    0.000000]   DMA32    [mem 0x0000000001000000-0x000000003ffeffff]
[    0.000000]   Normal   empty
[    0.000000]   Device   empty
[    0.000000] Movable zone start for each node
[    0.000000] Early memory node ranges
[    0.000000]   node   0: [mem 0x0000000000001000-0x000000000009efff]
[    0.000000]   node   0: [mem 0x0000000000100000-0x000000003ffeffff]
[    0.000000] Reserved but unavailable: 98 pages
[    0.000000] Initmem setup node 0 [mem 0x0000000000001000-0x000000003ffeffff]
[    0.000000] ACPI: PM-Timer IO Port: 0x4008
[    0.000000] IOAPIC[0]: apic_id 2, version 32, address 0xfec00000, GSI 0-23
[    0.000000] ACPI: INT_SRC_OVR (bus 0 bus_irq 0 global_irq 2 dfl dfl)
[    0.000000] ACPI: INT_SRC_OVR (bus 0 bus_irq 9 global_irq 9 low level)
[    0.000000] Using ACPI (MADT) for SMP configuration information
[    0.000000] smpboot: Allowing 2 CPUs, 0 hotplug CPUs
[    0.000000] PM: Registered nosave memory: [mem 0x00000000-0x00000fff]
[    0.000000] PM: Registered nosave memory: [mem 0x0009f000-0x0009ffff]
[    0.000000] PM: Registered nosave memory: [mem 0x000a0000-0x000effff]
[    0.000000] PM: Registered nosave memory: [mem 0x000f0000-0x000fffff]
[    0.000000] e820: [mem 0x40000000-0xfebfffff] available for PCI devices
[    0.000000] Booting paravirtualized kernel on KVM
[    0.000000] clocksource: refined-jiffies: mask: 0xffffffff max_cycles: 0xffffffff, max_idle_ns: 7645519600211568 ns
[    0.000000] random: get_random_bytes called from start_kernel+0x99/0x500 with crng_init=0
[    0.000000] setup_percpu: NR_CPUS:8192 nr_cpumask_bits:2 nr_cpu_ids:2 nr_node_ids:1
[    0.000000] percpu: Embedded 45 pages/cpu s147456 r8192 d28672 u1048576
[    0.000000] PV qspinlock hash table entries: 256 (order: 0, 4096 bytes)
[    0.000000] Built 1 zonelists, mobility grouping on.  Total pages: 257913
[    0.000000] Policy zone: DMA32
[    0.000000] Kernel command line: BOOT_IMAGE=/boot/vmlinuz-4.15.0-142-generic root=LABEL=cloudimg-rootfs ro console=tty1 console=ttyS0
[    0.000000] Memory: 982720K/1048120K available (12300K kernel code, 2483K rwdata, 4316K rodata, 2444K init, 2724K bss, 65400K reserved, 0K cma-reserved)
[    0.000000] SLUB: HWalign=64, Order=0-3, MinObjects=0, CPUs=2, Nodes=1
[    0.000000] Kernel/User page tables isolation: enabled
[    0.000000] ftrace: allocating 39434 entries in 155 pages
[    0.004000] Hierarchical RCU implementation.
[    0.004000] 	RCU restricting CPUs from NR_CPUS=8192 to nr_cpu_ids=2.
[    0.004000] 	Tasks RCU enabled.
[    0.004000] RCU: Adjusting geometry for rcu_fanout_leaf=16, nr_cpu_ids=2
[    0.004000] NR_IRQS: 524544, nr_irqs: 440, preallocated irqs: 16
[    0.004000] Console: colour VGA+ 80x25
[    0.004000] console [tty1] enabled
[    0.004000] console [ttyS0] enabled
[    0.004000] ACPI: Core revision 20170831
[    0.004000] ACPI: 2 ACPI AML tables successfully acquired and loaded
[    0.004000] APIC: Switch to symmetric I/O mode setup
[    0.008000] ..TIMER: vector=0x30 apic1=0 pin1=2 apic2=-1 pin2=-1
[    0.008008] tsc: Detected 2303.998 MHz processor
[    0.012016] Calibrating delay loop (skipped) preset value.. 4607.99 BogoMIPS (lpj=9215992)
[    0.016010] pid_max: default: 32768 minimum: 301
[    0.020123] Security Framework initialized
[    0.024009] Yama: becoming mindful.
[    0.028164] AppArmor: AppArmor initialized
[    0.047588] Dentry cache hash table entries: 131072 (order: 8, 1048576 bytes)
[    0.052231] Inode-cache hash table entries: 65536 (order: 7, 524288 bytes)
[    0.056188] Mount-cache hash table entries: 2048 (order: 2, 16384 bytes)
[    0.060190] Mountpoint-cache hash table entries: 2048 (order: 2, 16384 bytes)
[    0.072895] Last level iTLB entries: 4KB 64, 2MB 8, 4MB 8
[    0.076010] Last level dTLB entries: 4KB 64, 2MB 0, 4MB 0, 1GB 4
[    0.080015] Spectre V1 : Mitigation: usercopy/swapgs barriers and __user pointer sanitization
[    0.084010] Spectre V2 : Mitigation: Full generic retpoline
[    0.088011] Spectre V2 : Spectre v2 / SpectreRSB mitigation: Filling RSB on context switch
[    0.092059] Speculative Store Bypass: Vulnerable
[    0.096074] MDS: Mitigation: Clear CPU buffers
[    0.100327] Freeing SMP alternatives memory: 36K
[    0.220000] smpboot: CPU0: Intel(R) Core(TM) i3-7020U CPU @ 2.30GHz (family: 0x6, model: 0x8e, stepping: 0x9)
[    0.224679] Performance Events: unsupported p6 CPU model 142 no PMU driver, software events only.
[    0.228237] Hierarchical SRCU implementation.
[    0.233511] NMI watchdog: Perf event create on CPU 0 failed with -2
[    0.236143] NMI watchdog: Perf NMI watchdog permanently disabled
[    0.240815] smp: Bringing up secondary CPUs ...
[    0.245966] x86: Booting SMP configuration:
[    0.248009] .... node  #0, CPUs:      #1
[    0.004000] kvm-clock: cpu 1, msr 0:3ff44041, secondary cpu clock
[    0.267086] TSC synchronization [CPU#0 -> CPU#1]:
[    0.268000] Measured 121629 cycles TSC warp between CPUs, turning off TSC clock.
[    0.268000] tsc: Marking TSC unstable due to check_tsc_sync_source failed
[    0.276523] smp: Brought up 1 node, 2 CPUs
[    0.280014] smpboot: Max logical packages: 1
[    0.284013] smpboot: Total of 2 processors activated (9215.99 BogoMIPS)
[    0.297406] devtmpfs: initialized
[    0.308565] x86/mm: Memory block size: 128MB
[    0.324829] evm: security.selinux
[    0.336010] evm: security.SMACK64
[    0.352032] evm: security.SMACK64EXEC
[    0.364010] evm: security.SMACK64TRANSMUTE
[    0.376008] evm: security.SMACK64MMAP
[    0.384008] evm: security.apparmor
[    0.392010] evm: security.ima
[    0.400006] evm: security.capability
[    0.412184] clocksource: jiffies: mask: 0xffffffff max_cycles: 0xffffffff, max_idle_ns: 7645041785100000 ns
[    0.432025] futex hash table entries: 512 (order: 3, 32768 bytes)
[    0.444367] pinctrl core: initialized pinctrl subsystem
[    0.461442] RTC time:  2:04:53, date: 05/08/21
[    0.476819] NET: Registered protocol family 16
[    0.484254] audit: initializing netlink subsys (disabled)
[    0.496818] audit: type=2000 audit(1620439500.757:1): state=initialized audit_enabled=0 res=1
[    0.516036] cpuidle: using governor ladder
[    0.524028] cpuidle: using governor menu
[    0.532074] ACPI: bus type PCI registered
[    0.540011] acpiphp: ACPI Hot Plug PCI Controller Driver version: 0.5
[    0.556732] PCI: Using configuration type 1 for base access
[    0.576758] HugeTLB registered 2.00 MiB page size, pre-allocated 0 pages
[    0.600545] ACPI: Added _OSI(Module Device)
[    0.608011] ACPI: Added _OSI(Processor Device)
[    0.620009] ACPI: Added _OSI(3.0 _SCP Extensions)
[    0.632012] ACPI: Added _OSI(Processor Aggregator Device)
[    0.644010] ACPI: Added _OSI(Linux-Dell-Video)
[    0.652011] ACPI: Added _OSI(Linux-Lenovo-NV-HDMI-Audio)
[    0.664012] ACPI: Added _OSI(Linux-HPI-Hybrid-Graphics)
[    0.677627] ACPI: Executed 1 blocks of module-level executable AML code
[    0.703381] ACPI: Interpreter enabled
[    0.712045] ACPI: (supports S0 S5)
[    0.720014] ACPI: Using IOAPIC for interrupt routing
[    0.733306] PCI: Using host bridge windows from ACPI; if necessary, use "pci=nocrs" and report a bug
[    0.756668] ACPI: Enabled 2 GPEs in block 00 to 07
[    0.804000] ACPI: PCI Root Bridge [PCI0] (domain 0000 [bus 00-ff])
[    0.820038] acpi PNP0A03:00: _OSC: OS supports [ASPM ClockPM Segments MSI]
[    0.846354] acpi PNP0A03:00: _OSC: not requesting OS control; OS requires [ExtendedConfig ASPM ClockPM MSI]
[    0.872042] acpi PNP0A03:00: fail to add MMCONFIG information, can't access extended PCI configuration space under this bridge.
[    0.906493] PCI host bridge to bus 0000:00
[    0.916017] pci_bus 0000:00: root bus resource [io  0x0000-0x0cf7 window]
[    0.932012] pci_bus 0000:00: root bus resource [io  0x0d00-0xffff window]
[    0.944014] pci_bus 0000:00: root bus resource [mem 0x000a0000-0x000bffff window]
[    0.960013] pci_bus 0000:00: root bus resource [mem 0x40000000-0xfdffffff window]
[    0.972016] pci_bus 0000:00: root bus resource [bus 00-ff]
[    1.004947] pci 0000:00:01.1: legacy IDE quirk: reg 0x10: [io  0x01f0-0x01f7]
[    1.020039] pci 0000:00:01.1: legacy IDE quirk: reg 0x14: [io  0x03f6]
[    1.036016] pci 0000:00:01.1: legacy IDE quirk: reg 0x18: [io  0x0170-0x0177]
[    1.052011] pci 0000:00:01.1: legacy IDE quirk: reg 0x1c: [io  0x0376]
[    1.144377] pci 0000:00:07.0: quirk: [io  0x4000-0x403f] claimed by PIIX4 ACPI
[    1.176078] pci 0000:00:07.0: quirk: [io  0x4100-0x410f] claimed by PIIX4 SMB
[    1.228620] ACPI: PCI Interrupt Link [LNKA] (IRQs 5 9 10 *11)
[    1.252611] ACPI: PCI Interrupt Link [LNKB] (IRQs 5 9 *10 11)
[    1.272419] ACPI: PCI Interrupt Link [LNKC] (IRQs 5 *9 10 11)
[    1.292475] ACPI: PCI Interrupt Link [LNKD] (IRQs 5 9 10 *11)
[    1.317166] SCSI subsystem initialized
[    1.332590] pci 0000:00:02.0: vgaarb: setting as boot VGA device
[    1.336000] pci 0000:00:02.0: vgaarb: VGA device added: decodes=io+mem,owns=io+mem,locks=none
[    1.384013] pci 0000:00:02.0: vgaarb: bridge control possible
[    1.404011] vgaarb: loaded
[    1.420154] ACPI: bus type USB registered
[    1.436057] usbcore: registered new interface driver usbfs
[    1.456033] usbcore: registered new interface driver hub
[    1.476068] usbcore: registered new device driver usb
[    1.496478] EDAC MC: Ver: 3.0.0
[    1.516015] PCI: Using ACPI for IRQ routing
[    1.533343] NetLabel: Initializing
[    1.548006] NetLabel:  domain hash size = 128
[    1.564006] NetLabel:  protocols = UNLABELED CIPSOv4 CALIPSO
[    1.588038] NetLabel:  unlabeled traffic allowed by default
[    1.612403] clocksource: Switched to clocksource kvm-clock
[    1.745457] VFS: Disk quotas dquot_6.6.0
[    1.754199] VFS: Dquot-cache hash table entries: 512 (order 0, 4096 bytes)
[    1.769852] AppArmor: AppArmor Filesystem Enabled
[    1.780629] pnp: PnP ACPI init
[    1.794552] pnp: PnP ACPI: found 3 devices
[    1.816683] clocksource: acpi_pm: mask: 0xffffff max_cycles: 0xffffff, max_idle_ns: 2085701024 ns
[    1.834224] NET: Registered protocol family 2
[    1.849192] TCP established hash table entries: 8192 (order: 4, 65536 bytes)
[    1.866420] TCP bind hash table entries: 8192 (order: 5, 131072 bytes)
[    1.881866] TCP: Hash tables configured (established 8192 bind 8192)
[    1.898288] UDP hash table entries: 512 (order: 2, 16384 bytes)
[    1.914463] UDP-Lite hash table entries: 512 (order: 2, 16384 bytes)
[    1.933362] NET: Registered protocol family 1
[    1.946619] pci 0000:00:00.0: Limiting direct PCI/PCI transfers
[    1.960436] pci 0000:00:01.0: Activating ISA DMA hang workarounds
[    1.974904] pci 0000:00:02.0: Video device with shadowed ROM at [mem 0x000c0000-0x000dffff]
[    1.999907] Unpacking initramfs...
[    3.406771] Freeing initrd memory: 19520K
[    3.414440] clocksource: tsc: mask: 0xffffffffffffffff max_cycles: 0x2135f5e6f15, max_idle_ns: 440795231538 ns
[    3.430913] platform rtc_cmos: registered platform RTC device (no PNP device found)
[    3.443738] Scanning for low memory corruption every 60 seconds
[    3.458052] Initialise system trusted keyrings
[    3.466920] Key type blacklist registered
[    3.476684] workingset: timestamp_bits=36 max_order=18 bucket_order=0
[    3.493673] zbud: loaded
[    3.501799] squashfs: version 4.0 (2009/01/31) Phillip Lougher
[    3.514638] fuse init (API version 7.26)
[    3.560539] Key type asymmetric registered
[    3.568817] Asymmetric key parser 'x509' registered
[    3.578569] Block layer SCSI generic (bsg) driver version 0.4 loaded (major 246)
[    3.592904] io scheduler noop registered
[    3.600757] io scheduler deadline registered
[    3.609193] io scheduler cfq registered (default)
[    3.619079] ACPI: AC Adapter [AC] (on-line)
[    3.627641] input: Power Button as /devices/LNXSYSTM:00/LNXPWRBN:00/input/input0
[    3.642158] ACPI: Power Button [PWRF]
[    3.649927] input: Sleep Button as /devices/LNXSYSTM:00/LNXSLPBN:00/input/input1
[    3.662883] ACPI: Sleep Button [SLPF]
[    3.671887] Serial: 8250/16550 driver, 32 ports, IRQ sharing enabled
[    3.675541] ACPI: Battery Slot [BAT0] (battery present)
[    3.729162] 00:02: ttyS0 at I/O 0x3f8 (irq = 4, base_baud = 115200) is a 16550A
[    3.750497] Linux agpgart interface v0.103
[    3.763665] loop: module loaded
[    3.775176] scsi host0: ata_piix
[    3.783734] scsi host1: ata_piix
[    3.790179] ata1: PATA max UDMA/33 cmd 0x1f0 ctl 0x3f6 bmdma 0xd000 irq 14
[    3.801439] ata2: PATA max UDMA/33 cmd 0x170 ctl 0x376 bmdma 0xd008 irq 15
[    3.813989] libphy: Fixed MDIO Bus: probed
[    3.821987] tun: Universal TUN/TAP device driver, 1.6
[    3.831312] PPP generic driver version 2.4.2
[    3.839646] ehci_hcd: USB 2.0 'Enhanced' Host Controller (EHCI) Driver
[    3.850957] ehci-pci: EHCI PCI platform driver
[    3.859558] ehci-platform: EHCI generic platform driver
[    3.869828] ohci_hcd: USB 1.1 'Open' Host Controller (OHCI) Driver
[    3.881062] ohci-pci: OHCI PCI platform driver
[    3.890330] ohci-platform: OHCI generic platform driver
[    3.899893] uhci_hcd: USB Universal Host Controller Interface driver
[    3.911000] i8042: PNP: PS/2 Controller [PNP0303:PS2K,PNP0f03:PS2M] at 0x60,0x64 irq 1,12
[    3.930551] serio: i8042 KBD port at 0x60,0x64 irq 1
[    3.939261] serio: i8042 AUX port at 0x60,0x64 irq 12
[    3.948523] mousedev: PS/2 mouse device common for all mice
[    3.962101] input: AT Translated Set 2 keyboard as /devices/platform/i8042/serio0/input/input2
[    3.978647] rtc_cmos rtc_cmos: rtc core: registered rtc_cmos as rtc0
[    4.001340] rtc_cmos rtc_cmos: alarms up to one day, 114 bytes nvram
[    4.016488] i2c /dev entries driver
[    4.024370] device-mapper: uevent: version 1.0.3
[    4.044595] device-mapper: ioctl: 4.37.0-ioctl (2017-09-20) initialised: dm-devel@redhat.com
[    4.086532] ledtrig-cpu: registered to indicate activity on CPUs
[    4.100217] NET: Registered protocol family 10
[    4.122301] Segment Routing with IPv6
[    4.128844] NET: Registered protocol family 17
[    4.136765] Key type dns_resolver registered
[    4.145068] mce: Using 0 MCE banks
[    4.150829] RAS: Correctable Errors collector initialized.
[    4.159605] sched_clock: Marking stable (4159521169, 0)->(5999720918, -1840199749)
[    4.181605] registered taskstats version 1
[    4.189277] Loading compiled-in X.509 certificates
[    4.207635] Loaded X.509 cert 'Build time autogenerated kernel key: 028139f94c642d40642d50ab098c4e7b0aebaa81'
[    4.228101] Loaded X.509 cert 'Canonical Ltd. Live Patch Signing: 14df34d1a87cf37625abec039ef2bf521249b969'
[    4.246513] Loaded X.509 cert 'Canonical Ltd. Kernel Module Signing: 88f752e560a1e0737e31163a466ad7b70a850c19'
[    4.262767] zswap: loaded using pool lzo/zbud
[    4.290593] Key type big_key registered
[    4.299725] Key type trusted registered
[    4.317337] Key type encrypted registered
[    4.326533] AppArmor: AppArmor sha1 policy hashing enabled
[    4.338349] ima: No TPM chip found, activating TPM-bypass! (rc=-19)
[    4.352603] ima: Allocated hash algorithm: sha1
[    4.364280] evm: HMAC attrs: 0x1
[    4.374690]   Magic number: 5:316:55
[    4.382863] rtc_cmos rtc_cmos: setting system clock to 2021-05-08 02:04:57 UTC (1620439497)
[    4.405479] BIOS EDD facility v0.16 2004-Jun-25, 0 devices found
[    4.418200] EDD information not available.
[    4.436204] Freeing unused kernel image memory: 2444K
[    4.480294] Write protecting the kernel read-only data: 20480k
[    4.494651] Freeing unused kernel image memory: 2008K
[    4.506441] Freeing unused kernel image memory: 1828K
[    4.529062] x86/mm: Checked W+X mappings: passed, no W+X pages found.
[    4.541384] x86/mm: Checking user space page tables
[    4.559675] x86/mm: Checked W+X mappings: passed, no W+X pages found.
Loading, please wait...
starting version 237
[    5.002723] Fusion MPT base driver 3.04.20
[    5.014952] Copyright (c) 1999-2008 LSI Corporation
[    5.045383] e1000: Intel(R) PRO/1000 Network Driver - version 7.3.21-k8-NAPI
[    5.062450] e1000: Copyright (c) 1999-2006 Intel Corporation.
[    5.130917] Fusion MPT SPI Host driver 3.04.20
[    5.456602] input: ImExPS/2 Generic Explorer Mouse as /devices/platform/i8042/serio1/input/input4
[    6.761270] e1000 0000:00:03.0 eth0: (PCI:33MHz:32-bit) 02:d3:14:4d:d2:aa
[    6.773034] e1000 0000:00:03.0 eth0: Intel(R) PRO/1000 Network Connection
[    6.795124] e1000 0000:00:03.0 enp0s3: renamed from eth0
[    6.808843] mptbase: ioc0: Initiating bringup
[    6.929681] ioc0: LSI53C1030 A0: Capabilities={Initiator}
[    7.227415] scsi host2: ioc0: LSI53C1030 A0, FwRev=00000000h, Ports=1, MaxQ=256, IRQ=20
[    7.419669] scsi 2:0:0:0: Direct-Access     VBOX     HARDDISK         1.0  PQ: 0 ANSI: 5
[    7.464800] scsi target2:0:0: Beginning Domain Validation
[    7.496004] scsi target2:0:0: Domain Validation skipping write tests
[    7.510473] scsi target2:0:0: Ending Domain Validation
[    7.523695] scsi target2:0:0: asynchronous
[    7.539495] random: fast init done
[    7.552692] scsi 2:0:1:0: Direct-Access     VBOX     HARDDISK         1.0  PQ: 0 ANSI: 5
[    7.600959] scsi target2:0:1: Beginning Domain Validation
[    7.632529] scsi target2:0:1: Domain Validation skipping write tests
[    7.649826] scsi target2:0:1: Ending Domain Validation
[    7.662805] scsi target2:0:1: asynchronous
[    7.705990] sd 2:0:0:0: Attached scsi generic sg0 type 0
[    7.709011] sd 2:0:0:0: [sda] 83886080 512-byte logical blocks: (42.9 GB/40.0 GiB)
[    7.719178] sd 2:0:1:0: Attached scsi generic sg1 type 0
[    7.741197] random: systemd-udevd: uninitialized urandom read (16 bytes read)
[    7.768992] random: systemd-udevd: uninitialized urandom read (16 bytes read)
[    7.769279] sd 2:0:0:0: [sda] Write Protect is off
[    7.784649] random: systemd-udevd: uninitialized urandom read (16 bytes read)
[    7.808700] sd 2:0:1:0: [sdb] 20480 512-byte logical blocks: (10.5 MB/10.0 MiB)
[    7.812938] sd 2:0:0:0: [sda] Incomplete mode parameter data
[    7.838083] sd 2:0:0:0: [sda] Assuming drive cache: write through
[    7.838618] sd 2:0:1:0: [sdb] Write Protect is off
[    7.863299] sd 2:0:1:0: [sdb] Incomplete mode parameter data
[    7.872171]  sda: sda1
[    7.875943] sd 2:0:1:0: [sdb] Assuming drive cache: write through
[    7.907403] sd 2:0:0:0: [sda] Attached SCSI disk
[    7.926694] sd 2:0:1:0: [sdb] Attached SCSI disk
Begin: Loading essential drivers ... [   11.436579] raid6: sse2x1   gen()  4915 MB/s
[   11.493024] raid6: sse2x1   xor()  3796 MB/s
[   11.549512] raid6: sse2x2   gen()  6062 MB/s
[   11.608340] raid6: sse2x2   xor()  4847 MB/s
[   11.664286] raid6: sse2x4   gen()  5821 MB/s
[   11.721317] raid6: sse2x4   xor()  3177 MB/s
[   11.749929] raid6: using algorithm sse2x2 gen() 6062 MB/s
[   11.769851] raid6: .... xor() 4847 MB/s, rmw enabled
[   11.782266] raid6: using ssse3x2 recovery algorithm
[   11.800572] xor: measuring software checksum speed
[   11.848929]    prefetch64-sse:  6969.000 MB/sec
[   11.901605]    generic_sse:  9382.000 MB/sec
[   11.910419] xor: using function: generic_sse (9382.000 MB/sec)
[   11.926579] async_tx: api initialized (async)
done.
Begin: Running /scripts/init-premount ... done.
Begin: Mounting root file system ... Begin: Running /scripts/local-top ... done.
Begin: Running /scripts/local-premount ... [   12.084460] Btrfs loaded, crc32c=crc32c-intel
Scanning for Btrfs filesystems
done.
Warning: fsck not present, so skipping root file system
[   12.235932] EXT4-fs (sda1): mounted filesystem with ordered data mode. Opts: (null)
done.
Begin: Running /scripts/local-bottom ... done.
Begin: Running /scripts/init-bottom ... done.
[   12.840602] ip_tables: (C) 2000-2006 Netfilter Core Team
[   12.881925] systemd[1]: systemd 237 running in system mode. (+PAM +AUDIT +SELINUX +IMA +APPARMOR +SMACK +SYSVINIT +UTMP +LIBCRYPTSETUP +GCRYPT +GNUTLS +ACL +XZ +LZ4 +SECCOMP +BLKID +ELFUTILS +KMOD -IDN2 +IDN -PCRE2 default-hierarchy=hybrid)
[   12.925716] systemd[1]: Detected virtualization oracle.
[   12.938745] systemd[1]: Detected architecture x86-64.

Welcome to [1mUbuntu 18.04.5 LTS[0m!

[   13.050575] systemd[1]: Set hostname to <ubuntu>.
[   13.077058] systemd[1]: Initializing machine ID from random generator.
[   13.094017] systemd[1]: Installed transient /etc/machine-id file.
[   13.944030] systemd[1]: Set up automount Arbitrary Executable File Formats File System Automount Point.
[[0;32m  OK  [0m] Set up automount Arbitrary Executab…rmats File System Automount Point.
[   13.999393] systemd[1]: Created slice User and Session Slice.
[[0;32m  OK  [0m] Created slice User and Session Slice.
[   14.021032] systemd[1]: Reached target User and Group Name Lookups.
[[0;32m  OK  [0m] Reached target User and Group Name Lookups.
[   14.044508] systemd[1]: Reached target System Time Synchronized.
[[0;32m  OK  [0m] Reached target System Time Synchronized.
[[0;32m  OK  [0m] Started Forward Password Requests to Wall Directory Watch.
[[0;32m  OK  [0m] Reached target Swap.
[[0;32m  OK  [0m] Created slice System Slice.
[[0;32m  OK  [0m] Listening on fsck to fsckd communication Socket.
[[0;32m  OK  [0m] Listening on Syslog Socket.
[[0;32m  OK  [0m] Listening on /dev/initctl Compatibility Named Pipe.
[[0;32m  OK  [0m] Listening on Network Service Netlink Socket.
[[0;32m  OK  [0m] Listening on Journal Audit Socket.
[[0;32m  OK  [0m] Listening on udev Control Socket.
[[0;32m  OK  [0m] Listening on Journal Socket (/dev/log).
[[0;32m  OK  [0m] Listening on Device-mapper event daemon FIFOs.
[[0;32m  OK  [0m] Listening on LVM2 metadata daemon socket.
[[0;32m  OK  [0m] Created slice system-serial\x2dgetty.slice.
[[0;32m  OK  [0m] Listening on Journal Socket.
         Starting Create list of required st…ce nodes for the current kernel...
         Mounting POSIX Message Queue File System...
         Mounting Kernel Debug File System...
         Starting Set the console keyboard layout...
         Starting Load Kernel Modules...
         Starting Monitoring of LVM2 mirrors…ng dmeventd or progress polling...
         Starting File System Check on Root Device...
[[0;32m  OK  [0m] Listening on udev Kernel Socket.
         Starting udev Coldplug all Devices...
         Starting Uncomplicated firewall...
         Mounting Huge Pages File System...
         Starting Journal Service...
[   14.526271] Loading iSCSI transport class v2.0-870.
[[0;32m  OK  [0m] Listening on LVM2 poll daemon socket.
[[0;32m  OK  [0m] Reached target Slices.
[[0;32m  OK  [0m] Started Create list of required sta…vice nodes for the current kernel.
[[0;32m  OK  [0m] Mounted POSIX Message Queue File System.
[[0;32m  OK  [0m] Mounted Kernel Debug File System.
[[0;32m  OK  [0m] Started Uncomplicated firewall.
[[0;32m  OK  [0m] Mounted Huge Pages File System.
[[0;32m  OK  [0m[   14.762771] iscsi: registered transport (tcp)
] Started File System Check on Root Device.
[[0;32m  OK  [0m] Started File System Check Daemon to report status.
[[0;32m  OK  [0m] Started LVM2 metadata daemon.
         Starting Remount Root and Kernel File Systems...
         Starting Create Static Device Nodes in /dev...
[   14.914050] EXT4-fs (sda1): re-mounted. Opts: (null)
[[0;32m  OK  [0m] Started Remount Root and Kernel File Systems.[   14.958033] random: crng init done
[   14.965077] random: 7 urandom warning(s) missed due to ratelimiting

         Starting Load/Save Random Seed...
[[0;32m  OK  [0m] Started Journal Service.
[[0;32m  OK  [0m] Started Monitoring of LVM2 mirrors,…sing dmeventd or progress polling.
[[0;32m  OK  [0m] Started udev Coldplug all Devices.
[[0;32m  OK  [0m] Started Create Static Device Nodes in /dev.
[[0;32m  OK  [[   15.115903] iscsi: registered transport (iser)
0m] Started Load/Save Random Seed.
         Starting udev Kernel Device Manager...
         Starting Flush Journal to Persistent Storage...
[[0;32m  OK  [0m] Started Load Kernel Modules.
         Mounting Kernel Configuration File System...
         Starting Apply Kernel Variables...
         Mounting FUSE Control File System...
[   15.196813] systemd-journald[392]: Received request to flush runtime journal from PID 1
[[0;32m  OK  [0m] Mounted Kernel Configuration File System.
[[0;32m  OK  [0m] Mounted FUSE Control File System.
[[0;32m  OK  [0m] Started Set the console keyboard layout.
[[0;32m  OK  [0m] Reached target Local File Systems (Pre).
[[0;32m  OK  [0m] Reached target Local File Systems.
         Starting ebtables ruleset management...
         Starting Tell Plymouth To Write Out Runtime Data...
         Starting Commit a transient machine-id on disk...
         Starting AppArmor initialization...
         Starting Set console font and keymap...
[[0;32m  OK  [0m] Started Tell Plymouth To Write Out Runtime Data.
[[0;32m  OK  [0m] Started Set console font and keymap.
[[0;32m  OK  [0m] Started Apply Kernel Variables.
[[0;32m  OK  [0m] Started Commit a transient machine-id on disk.
[[0;32m  OK  [0m] Started Flush Journal to Persistent Storage.
         Starting Create Volatile Files and Directories...
[[0;32m  OK  [0m] Started udev Kernel Device Manager.
[[0;32m  OK  [0m] Started Create Volatile Files and Directories.
         Starting Update UTMP about System Boot/Shutdown...
[[0;32m  OK  [0m] Started Dispatch Password Requests to Console Directory Watch.
[[0;32m  OK  [0m] Reached target Local Encrypted Volumes.
[[0;32m  OK  [0m] Started ebtables ruleset management.
[[0;32m  OK  [0m] Started Update UTMP about System Boot/Shutdown.
[[0;32m  OK  [0m] Found device /dev/ttyS0.
[[0;32m  OK  [0m] Listening on Load/Save RF Kill Switch Status /dev/rfkill Watch.
[[0;32m  OK  [0m] Started AppArmor initialization.
         Starting Initial cloud-init job (pre-networking)...
         Starting Load AppArmor profiles managed internally by snapd...
[[0;32m  OK  [0m] Started Load AppArmor profiles managed internally by snapd.
[   21.579251] cloud-init[516]: Cloud-init v. 21.1-19-gbad84ad4-0ubuntu1~18.04.2 running 'init-local' at Sat, 08 May 2021 02:05:13 +0000. Up 20.61 seconds.
[[0;32m  OK  [0m] Started Initial cloud-init job (pre-networking).
[[0;32m  OK  [0m] Reached target Network (Pre).
         Starting Network Service...
[[0;32m  OK  [0m] Started Network Service.
         Starting Wait for Network to be Configured...
         Starting Network Name Resolution...
[[0;32m  OK  [0m] Started Network Name Resolution.
[[0;32m  OK  [0m] Reached target Network.
[[0;32m  OK  [0m] Reached target Host and Network Name Lookups.
[[0;32m  OK  [0m] Started Wait for Network to be Configured.
         Starting Initial cloud-init job (metadata service crawler)...
[   25.373128] cloud-init[626]: Cloud-init v. 21.1-19-gbad84ad4-0ubuntu1~18.04.2 running 'init' at Sat, 08 May 2021 02:05:18 +0000. Up 24.93 seconds.
[   25.383811] cloud-init[626]: ci-info: ++++++++++++++++++++++++++++++++++++++Net device info++++++++++++++++++++++++++++++++++++++
[   25.393404] cloud-init[626]: ci-info: +--------+------+----------------------------+---------------+--------+-------------------+
[   25.405125] cloud-init[626]: ci-info: | Device |  Up  |          Address           |      Mask     | Scope  |     Hw-Address    |
[   25.414556] cloud-init[626]: ci-info: +--------+------+----------------------------+---------------+--------+-------------------+
[   25.425863] cloud-init[626]: ci-info: | enp0s3 | True |         10.0.2.15          | 255.255.255.0 | global | 02:d3:14:4d:d2:aa |
[   25.440754] cloud-init[626]: ci-info: | enp0s3 | True | fe80::d3:14ff:fe4d:d2aa/64 |       .       |  link  | 02:d3:14:4d:d2:aa |
[   25.462241] cloud-init[626]: ci-info: |   lo   | True |         127.0.0.1          |   255.0.0.0   |  host  |         .         |
[   25.483106] cloud-init[626]: ci-info: |   lo   | True |          ::1/128           |       .       |  host  |         .         |
[   25.509544] cloud-init[626]: ci-info: +--------+------+----------------------------+---------------+--------+-------------------+
[   25.527662] cloud-init[626]: ci-info: ++++++++++++++++++++++++++++Route IPv4 info+++++++++++++++++++++++++++++
[   25.543294] cloud-init[626]: ci-info: +-------+-------------+----------+-----------------+-----------+-------+
[   25.559270] cloud-init[626]: ci-info: | Route | Destination | Gateway  |     Genmask     | Interface | Flags |
[   25.575059] cloud-init[626]: ci-info: +-------+-------------+----------+-----------------+-----------+-------+
[   25.590887] cloud-init[626]: ci-info: |   0   |   0.0.0.0   | 10.0.2.2 |     0.0.0.0     |   enp0s3  |   UG  |
[   25.608206] cloud-init[626]: ci-info: |   1   |   10.0.2.0  | 0.0.0.0  |  255.255.255.0  |   enp0s3  |   U   |
[   25.623459] cloud-init[626]: ci-info: |   2   |   10.0.2.2  | 0.0.0.0  | 255.255.255.255 |   enp0s3  |   UH  |
[   25.639856] cloud-init[626]: ci-info: +-------+-------------+----------+-----------------+-----------+-------+
[   25.655793] cloud-init[626]: ci-info: +++++++++++++++++++Route IPv6 info+++++++++++++++++++
[   25.670655] cloud-init[626]: ci-info: +-------+-------------+---------+-----------+-------+
[   25.684854] cloud-init[626]: ci-info: | Route | Destination | Gateway | Interface | Flags |
[   25.698737] cloud-init[626]: ci-info: +-------+-------------+---------+-----------+-------+
[   25.716946] cloud-init[626]: ci-info: |   1   |  fe80::/64  |    ::   |   enp0s3  |   U   |
[   25.730302] cloud-init[626]: ci-info: |   3   |    local    |    ::   |   enp0s3  |   U   |
[   25.745466] cloud-init[626]: ci-info: |   4   |   ff00::/8  |    ::   |   enp0s3  |   U   |
[   25.759007] cloud-init[626]: ci-info: +-------+-------------+---------+-----------+-------+
[   27.543904] cloud-init[626]: Generating public/private rsa key pair.
[   27.560762] cloud-init[626]: Your identification has been saved in /etc/ssh/ssh_host_rsa_key.
[   27.577062] cloud-init[626]: Your public key has been saved in /etc/ssh/ssh_host_rsa_key.pub.
[   27.602675] cloud-init[626]: The key fingerprint is:
[   27.617040] cloud-init[626]: SHA256:MHC8kv5wcroLKiVA23QJ53Wx7gZdanw2P3pRzfthoL4 root@ubuntu-bionic
[   27.633544] cloud-init[626]: The key's randomart image is:
[   27.647639] cloud-init[626]: +---[RSA 2048]----+
[   27.660788] cloud-init[626]: |   .ooo. o.      |
[   27.674220] cloud-init[626]: | . .o=o . .      |
[   27.686505] cloud-init[626]: |. + .oo. . .   ..|
[[0;32m  OK  [0m] Started Initial cloud-init job (metadata service crawler).
[   27.701093] [[0;32m  OK  [0m] Reached target Cloud-config availability.
[[0;32m  OK  [0m] Reached target System Initialization.
[[0;32m  OK  [0m] Started Discard unused blocks once a week.
[[0;32m  OK  [0m] Started Message of the Day.
         Starting Socket activation for snappy daemon.
[[0;32m  OK  [0m] Listening on UUID daemon activation socket.
[[0;32m  OK  [0m] Listening on Open-iSCSI iscsid Socket.
[[0;32m  OK  [0m] Started Daily apt download activities.
[[0;32m  OK  [0m] Started Daily apt upgrade and clean activities.
[[0;32m  OK  [0m] Started Daily Cleanup of Temporary Directories.
[[0;32m  OK  [0m] Started ACPI Events Check.
[[0;32m  OK  [0m] Reached target Timers.
[[0;32m  OK  [0m] Listening on ACPID Listen Socket.
[[0;32m  OK  [0m] Reached target Paths.
         Starting LXD - unix socket.
[[0;32m  OK  [0m] Listening on D-Bus System Message Bus Socket.
[[0;32m  OK  [0m] Reached target Network is Online.
[[0;32m  OK  [0m] Reached target Remote File Systems (Pre).
[[0;32m  OK  [0m] Reached target Remote File Systems.
         Starting Availability of block devices...
[[0;32m  OK  [0m] Listening on Socket activation for snappy daemon.
[[0;32m  OK  [0m] Listening on LXD - unix socket.
[[0;32m  OK  [0m] Reached target Sockets.
[[0;32m  OK  [0m] Reached target Basic System.
         Starting Dispatcher daemon for systemd-networkd...
         Starting System Logging Service...
         Starting LSB: automatic crash report generation...
         Starting Accounts Service...cloud-init[626]: 
|.. .o .o+ o  . .o|
[   27.848844] cloud-init         Starting Login Service...
[[0;32m  OK  [0m] Started D-Bus System Message Bus.
[626]: |.  . . .S* +. o .|
[   27.917007] cloud-init[626]: |. . + o + o.o. + |
[   27.935522] cloud-init[626]: | o.  B   o.  oo o|
[   27.969945] cloud-init[626]: |.. .. . .  .... .|
[   28.000284] cloud-init[626]: |o   oo     Eo    |
[   28.025169] cloud-init[626]: +----[SHA256]-----+
[   28.086550] cloud-init[626]: Generating public/private dsa key pair.
[   28.117459] cloud-init[626]: Your identification has been saved in /etc/ssh/ssh_host_dsa_key.
[   28.137870] cloud-init[626]: Your public key has been saved in /etc/ssh/ssh_host_dsa_key.pub.
[   28.171172] cloud-init[626]: The key fingerprint is:
[   28.189695] cloud-init[626]: SHA256:7ShrMorfa/Z55QULkxnJ16gy+MFp1HJWtxjtqBgoskA root@ubuntu-bionic
[   28.205421] cloud-init[626]: The key's randomart image is:
[   28.230003] cloud-init[626]: +---[DSA 1024]----+
[   28.248370] cloud-init[626]: |       o oo+.    |
[   28.263710] cloud-init         Starting Virtualbox guest utils...
[626]: [[0;32m  OK  [0m] Started irqbalance daemon.
         Starting Pollinate to seed the pseudo random number generator...
| E    o B o+o.   |
         Starting Snap Daemon...
[   28.329895] cloud-init[626]: |.    = = *.o.    |
[   28.362927] cloud-init[[0;32m  OK  [0m] Started Regular background program processing daemon.
[[0;32m  OK  [0m] Started Deferred execution scheduler.
         Starting LSB: Record successful boot for GRUB...
[[0;32m  OK  [0m] Started FUSE filesystem for LXC.
         Starting Permit User Sessions...
[626]: |o . o O *.o .    |         Starting LXD - container startup/shutdown...
[[0;32m  OK  [0m] Started System Logging Service.
[[0;32m  OK  [0m] Started Availability of block devices.

[   28.419676] cloud-init[626]: |.o . o *S+.o     |[[0;32m  OK  [0m] Started Login Service.

[   28.475543] cloud-init[626]: |.     o .oo .    |
[   28.507007] cloud-init[626]: |      . .o..     |
[   28.520846] cloud-init[626]: | . .= .+. .      |
[   28.534461] cloud-init[626]: |..o+o*+.         |
[   28.550321] cloud-init[626]: +----[SHA256]-----+
[   28.566794] cloud-init[626]: Generating public/private ecdsa key pair.
[   28.593697] cloud-init[626]: Your identification has been saved in /etc/ssh/ssh_host_ecdsa_key.
[   28.625360] cloud-init[626]: Your public key has been saved in /etc/ssh/ssh_host_ecdsa_key.pub.
[   28.644755] cloud-init[626]: The key fingerprint is:
[   28.659799] cloud-init[626]: SHA256:4E4jds6xIBHkOGGI/QFyF7fH4gIiYNABO4sZbPzX/h4 root@ubuntu-bionic[[0;32m  OK  [0m] Started Permit User Sessions.
         Starting Hold until boot process finishes up...
         Starting Terminate Plymouth Boot Screen...
         Starting Authorization Manager...
[[0;32m  OK  [0m] Started Unattended Upgrades Shutdown.

[   28.723547] [[0;32m  OK  [0m] Started Hold until boot process finishes up.
cloud-init[626]: The key's randomart image is:         Starting Set console scheme...
[[0;32m  OK  [0m] Started Serial Getty on ttyS0.
[[0;32m  OK  [0m] Started Terminate Plymouth Boot Screen.

[   28.781219] cloud-init[626]: +---[ECDSA 256]---+
[   28.795865] cloud-init[626]: |XB*oo..          |
[   28.809699] cloud-init[626]: |OBoo.. o         |
[   28.830862] cloud-init[626]: |O++. .+ o        |
[   28.850573] cloud-init[626]: |+B.o.o.+         |
[   28.874758] cloud-init[[0;32m  OK  [0m] Started LSB: automatic crash report generation.
[626]: |+ ..=.B.S        |
[   28.892515] cloud-init[626]: |   o.X.+         |
[   28.906666] cloud-init[626]: [[0;32m  OK  [0m] Started Set console scheme.
[[0;32m  OK  [0m] Created slice system-getty.slice.
|      =. E       |
[   28.967933] [[0;32m  OK  [0m] Started Getty on tty1.
[[0;32m  OK  [0m] Reached target Login Prompts.
cloud-init[626]: |        . .      |
[   28.997647] cloud-init[626]: |        .o       |
[   29.019107] cloud-init[626]: +----[SHA256]-----+
[   29.067954] cloud-init[626]: Generating public/private ed25519 key pair.
[   29.131995] cloud-init[626]: Your identification has been saved in /etc/ssh/ssh_host_ed25519_key.
[   29.169149] cloud-init[626]: Your public key has been saved in /etc/ssh/ssh_host_ed25519_key.pub.
[   29.222904] cloud-init[626]: The key fingerprint is:
[   29.261152] cloud-init[626]: SHA256:C6O5QWqEuNVpOQowJ4O7emu28KVjwHGNH7zLOg1kqco root@ubuntu-bionic
[[0;32m  OK  [0m] Started Authorization Manager.
[   29.307569] [[0;32m  OK  [0m] Started Accounts Service.
cloud-init[626]: The key's randomart image is:
[   29.361555] cloud-init[626]: +--[ED25519 256]--+
[   29.531543] cloud-init[626]: |                 |
[   29.553778] cloud-init[626]: |.                |
[   29.577493] cloud-init[626]: |* . =            |
[   29.608111] cloud-init[626]: [[0;32m  OK  [0m] Started LSB: Record successful boot for GRUB.
|oO B *           |
[   29.644606] cloud-init[626]: |* O O = S        |
[   29.681695] cloud-init[626]: |.O * * o .       |
[   29.703127] cloud-init[626]: |*.+ O . .        |
[   29.719836] cloud-init[626]: |oE*+ *           |
[   29.742927] cloud-init[626]: |.===+            |
[   29.783292] cloud-init[626]: +----[SHA256]-----+
[[0;32m  OK  [0m] Started Virtualbox guest utils.
[[0;32m  OK  [0m] Started Dispatcher daemon for systemd-networkd.
[[0;32m  OK  [0m] Started LXD - container startup/shutdown.
[[0;32m  OK  [0m] Started Snap Daemon.
         Starting Wait until snapd is fully seeded...
[[0;32m  OK  [0m] Started Pollinate to seed the pseudo random number generator.
         Starting OpenBSD Secure Shell server...
[[0;32m  OK  [0m] Started OpenBSD Secure Shell server.
[[0;32m  OK  [0m] Created slice User Slice of vagrant.
         Starting User Manager for UID 1000...
[[0;32m  OK  [0m] Started Session 1 of user vagrant.
[[0;32m  OK  [0m] Started User Manager for UID 1000.

Ubuntu 18.04.5 LTS ubuntu-bionic ttyS0

ubuntu-bionic login: [   39.375234] cloud-init[1049]: Cloud-init v. 21.1-19-gbad84ad4-0ubuntu1~18.04.2 running 'modules:config' at Sat, 08 May 2021 02:05:30 +0000. Up 37.43 seconds.
ci-info: no authorized SSH keys fingerprints found for user ubuntu.
<14>May  8 02:05:33 ec2: 
<14>May  8 02:05:33 ec2: #############################################################
<14>May  8 02:05:33 ec2: -----BEGIN SSH HOST KEY FINGERPRINTS-----
<14>May  8 02:05:33 ec2: 1024 SHA256:7ShrMorfa/Z55QULkxnJ16gy+MFp1HJWtxjtqBgoskA root@ubuntu-bionic (DSA)
<14>May  8 02:05:33 ec2: 256 SHA256:4E4jds6xIBHkOGGI/QFyF7fH4gIiYNABO4sZbPzX/h4 root@ubuntu-bionic (ECDSA)
<14>May  8 02:05:33 ec2: 256 SHA256:C6O5QWqEuNVpOQowJ4O7emu28KVjwHGNH7zLOg1kqco root@ubuntu-bionic (ED25519)
<14>May  8 02:05:33 ec2: 2048 SHA256:MHC8kv5wcroLKiVA23QJ53Wx7gZdanw2P3pRzfthoL4 root@ubuntu-bionic (RSA)
<14>May  8 02:05:33 ec2: -----END SSH HOST KEY FINGERPRINTS-----
<14>May  8 02:05:33 ec2: #############################################################
-----BEGIN SSH HOST KEY KEYS-----
ecdsa-sha2-nistp256 AAAAE2VjZHNhLXNoYTItbmlzdHAyNTYAAAAIbmlzdHAyNTYAAABBBJC/X7qVegkm/ArAurPwXHcYN7/iEOoq/eUthefJpSyxYw8JtL+RO9T4KsV27u0XYVKvwDwuSJGZOg3r2FciOxU= root@ubuntu-bionic
ssh-ed25519 AAAAC3NzaC1lZDI1NTE5AAAAIODBs0wzgju78bFRBRsJ+l2XtJV8S/5F9pVu4RpfYFUx root@ubuntu-bionic
ssh-rsa AAAAB3NzaC1yc2EAAAADAQABAAABAQDDBmznP0CFrsHMUoArrSB/kw6DEBrzKDgRzxqiNHaVOVxkKWQ8Hj9mHBjVxnjFY9lo+8ftHUy7X6cYsFc42Zt/0spRGEyc/SmmfsI/aQHwRNXt3RH3HHLwow83vFTCH/usRSjeAXj61eQUno3OsBBb9MgLbywU3vkFR3tMhH2xn/PMGU/iUnyINbXareVZR+3yuIthyCnjCwh8A225f597yJ2yAQe/NLovAvhiVuowJlpo1aiLH/P7YEYuxuRltBzTMrxkyfAZFvv/JJPCNsVrk9RbTKJnQgn0tEJzqOlEtFdHLsHV6NbOQGULhnWHJqylvBF7C6mhtN2XQx0IdPvD root@ubuntu-bionic
-----END SSH HOST KEY KEYS-----
[   40.824007] cloud-init[1197]: Cloud-init v. 21.1-19-gbad84ad4-0ubuntu1~18.04.2 running 'modules:final' at Sat, 08 May 2021 02:05:33 +0000. Up 40.41 seconds.
[   40.852959] cloud-init[1197]: ci-info: no authorized SSH keys fingerprints found for user ubuntu.
[   40.875134] cloud-init[1197]: Cloud-init v. 21.1-19-gbad84ad4-0ubuntu1~18.04.2 finished at Sat, 08 May 2021 02:05:33 +0000. Datasource DataSourceNoCloud [seed=/dev/sdb][dsmode=net].  Up 40.75 seconds
